<?xml version="1.0" encoding="UTF-8"?>
<testng-results ignored="3" total="4" passed="1" failed="0" skipped="0">
  <reporter-output>
  </reporter-output>
  <suite started-at="2023-02-16T19:34:02 IST" name="Selenium Test Suite" finished-at="2023-02-16T19:34:36 IST" duration-ms="33777">
    <groups>
    </groups>
    <test started-at="2023-02-16T19:34:02 IST" name="onlinePurchase" finished-at="2023-02-16T19:34:36 IST" duration-ms="33777">
      <class name="onlinePurchase.homePage">
        <test-method is-config="true" signature="loadUrl()[pri:0, instance:onlinePurchase.homePage@4445629]" started-at="2023-02-16T19:34:02 IST" name="loadUrl" finished-at="2023-02-16T19:34:32 IST" duration-ms="30277" status="PASS">
          <reporter-output>
          </reporter-output>
        </test-method> <!-- loadUrl -->
        <test-method signature="searchProduct()[pri:0, instance:onlinePurchase.homePage@4445629]" started-at="2023-02-16T19:34:32 IST" name="searchProduct" finished-at="2023-02-16T19:34:36 IST" duration-ms="3361" status="PASS">
          <reporter-output>
          </reporter-output>
        </test-method> <!-- searchProduct -->
        <test-method is-config="true" signature="closeWindow()[pri:0, instance:onlinePurchase.homePage@4445629]" started-at="2023-02-16T19:34:36 IST" name="closeWindow" finished-at="2023-02-16T19:34:36 IST" duration-ms="116" status="PASS">
          <reporter-output>
          </reporter-output>
        </test-method> <!-- closeWindow -->
      </class> <!-- onlinePurchase.homePage -->
    </test> <!-- onlinePurchase -->
  </suite> <!-- Selenium Test Suite -->
</testng-results>
