<?xml version="1.0" encoding="UTF-8"?>
<!-- Generated by org.testng.reporters.JUnitXMLReporter -->
<testsuite ignored="3" hostname="INSML-8RLVCF" failures="0" tests="1" name="onlinePurchase" time="33.777" errors="0" timestamp="2023-02-16T19:34:36 IST">
  <testcase classname="onlinePurchase.homePage" name="searchProduct" time="3.361"/>
  <testcase classname="onlinePurchase.homePage" name="placeOrder" time="0.0">
    <ignored/>
  </testcase> <!-- placeOrder -->
  <testcase classname="onlinePurchase.homePage" name="checkout" time="0.0">
    <ignored/>
  </testcase> <!-- checkout -->
  <testcase classname="onlinePurchase.homePage" name="verifyPromoCode" time="0.0">
    <ignored/>
  </testcase> <!-- verifyPromoCode -->
</testsuite> <!-- onlinePurchase -->
