<?xml version="1.0" encoding="UTF-8"?>
<!-- Generated by org.testng.reporters.JUnitXMLReporter -->
<testsuite ignored="0" hostname="INSML-8RLVCF" failures="9" tests="9" name="Selenium Test" time="453.363" errors="0" timestamp="2023-02-15T20:21:26 IST">
  <testcase classname="onlinePurchase.homePage" name="@AfterTest closeWindow" time="0.001">
    <failure type="java.lang.NullPointerException" message="Cannot invoke &amp;quot;org.openqa.selenium.WebDriver.quit()&amp;quot; because &amp;quot;onlinePurchase.eli.driver&amp;quot; is null">
      <![CDATA[java.lang.NullPointerException: Cannot invoke "org.openqa.selenium.WebDriver.quit()" because "onlinePurchase.eli.driver" is null
at onlinePurchase.homePage.closeWindow(homePage.java:35)
... Removed 22 stack frames]]>
    </failure>
  </testcase> <!-- @AfterTest closeWindow -->
  <testcase classname="onlinePurchase.homePage" name="applyPromoCode" time="0.008">
    <failure type="java.lang.NullPointerException" message="Cannot invoke &amp;quot;org.openqa.selenium.WebDriver.findElements(org.openqa.selenium.By)&amp;quot; because &amp;quot;onlinePurchase.eli.driver&amp;quot; is null">
      <![CDATA[java.lang.NullPointerException: Cannot invoke "org.openqa.selenium.WebDriver.findElements(org.openqa.selenium.By)" because "onlinePurchase.eli.driver" is null
at onlinePurchase.utils.searchProduct(utils.java:22)
at onlinePurchase.homePage.applyPromoCode(homePage.java:113)
at java.base/java.util.ArrayList.forEach(ArrayList.java:1511)
... Removed 25 stack frames]]>
    </failure>
  </testcase> <!-- applyPromoCode -->
  <testcase classname="onlinePurchase.homePage" name="checkout" time="0.001">
    <failure type="java.lang.NullPointerException" message="Cannot invoke &amp;quot;org.openqa.selenium.WebDriver.findElements(org.openqa.selenium.By)&amp;quot; because &amp;quot;onlinePurchase.eli.driver&amp;quot; is null">
      <![CDATA[java.lang.NullPointerException: Cannot invoke "org.openqa.selenium.WebDriver.findElements(org.openqa.selenium.By)" because "onlinePurchase.eli.driver" is null
at onlinePurchase.utils.searchProduct(utils.java:22)
at onlinePurchase.homePage.checkout(homePage.java:86)
at java.base/java.util.ArrayList.forEach(ArrayList.java:1511)
... Removed 25 stack frames]]>
    </failure>
  </testcase> <!-- checkout -->
  <testcase classname="onlinePurchase.homePage" name="linkInNewTab" time="3.006">
    <failure type="java.lang.NullPointerException" message="Cannot invoke &amp;quot;org.openqa.selenium.WebDriver.findElement(org.openqa.selenium.By)&amp;quot; because &amp;quot;onlinePurchase.eli.driver&amp;quot; is null">
      <![CDATA[java.lang.NullPointerException: Cannot invoke "org.openqa.selenium.WebDriver.findElement(org.openqa.selenium.By)" because "onlinePurchase.eli.driver" is null
at onlinePurchase.homePage.linkInNewTab(homePage.java:201)
at java.base/java.util.ArrayList.forEach(ArrayList.java:1511)
... Removed 25 stack frames]]>
    </failure>
  </testcase> <!-- linkInNewTab -->
  <testcase classname="onlinePurchase.homePage" name="multipleLinkInNewTab" time="3.004">
    <failure type="java.lang.NullPointerException" message="Cannot invoke &amp;quot;org.openqa.selenium.WebDriver.findElement(org.openqa.selenium.By)&amp;quot; because &amp;quot;onlinePurchase.eli.driver&amp;quot; is null">
      <![CDATA[java.lang.NullPointerException: Cannot invoke "org.openqa.selenium.WebDriver.findElement(org.openqa.selenium.By)" because "onlinePurchase.eli.driver" is null
at onlinePurchase.homePage.multipleLinkInNewTab(homePage.java:227)
at java.base/java.util.ArrayList.forEach(ArrayList.java:1511)
... Removed 25 stack frames]]>
    </failure>
  </testcase> <!-- multipleLinkInNewTab -->
  <testcase classname="onlinePurchase.homePage" name="placeOrder" time="0.001">
    <failure type="java.lang.NullPointerException" message="Cannot invoke &amp;quot;org.openqa.selenium.WebDriver.findElements(org.openqa.selenium.By)&amp;quot; because &amp;quot;onlinePurchase.eli.driver&amp;quot; is null">
      <![CDATA[java.lang.NullPointerException: Cannot invoke "org.openqa.selenium.WebDriver.findElements(org.openqa.selenium.By)" because "onlinePurchase.eli.driver" is null
at onlinePurchase.utils.searchProduct(utils.java:22)
at onlinePurchase.homePage.placeOrder(homePage.java:167)
at java.base/java.util.ArrayList.forEach(ArrayList.java:1511)
... Removed 25 stack frames]]>
    </failure>
  </testcase> <!-- placeOrder -->
  <testcase classname="onlinePurchase.homePage" name="searchProduct" time="0.001">
    <failure type="java.lang.NullPointerException" message="Cannot invoke &amp;quot;org.openqa.selenium.WebDriver.findElements(org.openqa.selenium.By)&amp;quot; because &amp;quot;onlinePurchase.eli.driver&amp;quot; is null">
      <![CDATA[java.lang.NullPointerException: Cannot invoke "org.openqa.selenium.WebDriver.findElements(org.openqa.selenium.By)" because "onlinePurchase.eli.driver" is null
at onlinePurchase.utils.searchProduct(utils.java:22)
at onlinePurchase.homePage.searchProduct(homePage.java:49)
at java.base/java.util.ArrayList.forEach(ArrayList.java:1511)
... Removed 25 stack frames]]>
    </failure>
  </testcase> <!-- searchProduct -->
  <testcase classname="onlinePurchase.homePage" name="switchMultipleLinkInNewTab" time="3.003">
    <failure type="java.lang.NullPointerException" message="Cannot invoke &amp;quot;org.openqa.selenium.WebDriver.getWindowHandle()&amp;quot; because &amp;quot;onlinePurchase.eli.driver&amp;quot; is null">
      <![CDATA[java.lang.NullPointerException: Cannot invoke "org.openqa.selenium.WebDriver.getWindowHandle()" because "onlinePurchase.eli.driver" is null
at onlinePurchase.homePage.switchMultipleLinkInNewTab(homePage.java:251)
at java.base/java.util.ArrayList.forEach(ArrayList.java:1511)
... Removed 25 stack frames]]>
    </failure>
  </testcase> <!-- switchMultipleLinkInNewTab -->
  <testcase classname="onlinePurchase.homePage" name="verifyProduct" time="0.001">
    <failure type="java.lang.NullPointerException" message="Cannot invoke &amp;quot;org.openqa.selenium.WebDriver.findElements(org.openqa.selenium.By)&amp;quot; because &amp;quot;onlinePurchase.eli.driver&amp;quot; is null">
      <![CDATA[java.lang.NullPointerException: Cannot invoke "org.openqa.selenium.WebDriver.findElements(org.openqa.selenium.By)" because "onlinePurchase.eli.driver" is null
at onlinePurchase.utils.searchProduct(utils.java:22)
at onlinePurchase.homePage.verifyProduct(homePage.java:66)
at java.base/java.util.ArrayList.forEach(ArrayList.java:1511)
... Removed 25 stack frames]]>
    </failure>
  </testcase> <!-- verifyProduct -->
  <testcase classname="onlinePurchase.homePage" name="verifyPromoCode" time="0.001">
    <failure type="java.lang.NullPointerException" message="Cannot invoke &amp;quot;org.openqa.selenium.WebDriver.findElements(org.openqa.selenium.By)&amp;quot; because &amp;quot;onlinePurchase.eli.driver&amp;quot; is null">
      <![CDATA[java.lang.NullPointerException: Cannot invoke "org.openqa.selenium.WebDriver.findElements(org.openqa.selenium.By)" because "onlinePurchase.eli.driver" is null
at onlinePurchase.utils.searchProduct(utils.java:22)
at onlinePurchase.homePage.verifyPromoCode(homePage.java:136)
at java.base/java.util.ArrayList.forEach(ArrayList.java:1511)
... Removed 25 stack frames]]>
    </failure>
  </testcase> <!-- verifyPromoCode -->
</testsuite> <!-- Selenium Test -->
